{"/Users/mac/Documents/Test/Jenius/Ganda_Apptest/src/component/buttonFull/buttonFull.component.js": {"path":"/Users/mac/Documents/Test/Jenius/Ganda_Apptest/src/component/buttonFull/buttonFull.component.js","statementMap":{"0":{"start":{"line":6,"column":19},"end":{"line":19,"column":1}},"1":{"start":{"line":7,"column":2},"end":{"line":18,"column":21}}},"fnMap":{"0":{"name":"(anonymous_0)","decl":{"start":{"line":6,"column":19},"end":{"line":6,"column":20}},"loc":{"start":{"line":7,"column":2},"end":{"line":18,"column":21}},"line":7}},"branchMap":{},"s":{"0":1,"1":2},"f":{"0":2},"b":{},"_coverageSchema":"1a1c01bbd47fc00a2c39e90264f33305004495a9","hash":"c2585b58488d6de18599c95611050e847c90b9e9"}
,"/Users/mac/Documents/Test/Jenius/Ganda_Apptest/src/component/buttonFull/buttonFull.component.styles.js": {"path":"/Users/mac/Documents/Test/Jenius/Ganda_Apptest/src/component/buttonFull/buttonFull.component.styles.js","statementMap":{"0":{"start":{"line":6,"column":15},"end":{"line":22,"column":2}},"1":{"start":{"line":7,"column":25},"end":{"line":16,"column":3}},"2":{"start":{"line":17,"column":29},"end":{"line":21,"column":3}}},"fnMap":{"0":{"name":"(anonymous_0)","decl":{"start":{"line":7,"column":10},"end":{"line":7,"column":11}},"loc":{"start":{"line":7,"column":25},"end":{"line":16,"column":3}},"line":7},"1":{"name":"(anonymous_1)","decl":{"start":{"line":17,"column":14},"end":{"line":17,"column":15}},"loc":{"start":{"line":17,"column":29},"end":{"line":21,"column":3}},"line":17}},"branchMap":{"0":{"loc":{"start":{"line":12,"column":21},"end":{"line":12,"column":59}},"type":"cond-expr","locations":[{"start":{"line":12,"column":34},"end":{"line":12,"column":45}},{"start":{"line":12,"column":48},"end":{"line":12,"column":59}}],"line":12},"1":{"loc":{"start":{"line":18,"column":11},"end":{"line":18,"column":49}},"type":"cond-expr","locations":[{"start":{"line":18,"column":24},"end":{"line":18,"column":35}},{"start":{"line":18,"column":38},"end":{"line":18,"column":49}}],"line":18}},"s":{"0":1,"1":2,"2":2},"f":{"0":2,"1":2},"b":{"0":[1,1],"1":[1,1]},"_coverageSchema":"1a1c01bbd47fc00a2c39e90264f33305004495a9","hash":"332e13fe477e9e843b596fd2997d71796aad4025"}
,"/Users/mac/Documents/Test/Jenius/Ganda_Apptest/src/component/header/header.component.js": {"path":"/Users/mac/Documents/Test/Jenius/Ganda_Apptest/src/component/header/header.component.js","statementMap":{"0":{"start":{"line":15,"column":33},"end":{"line":17,"column":1}},"1":{"start":{"line":15,"column":47},"end":{"line":17,"column":1}},"2":{"start":{"line":16,"column":2},"end":{"line":16,"column":21}},"3":{"start":{"line":19,"column":25},"end":{"line":31,"column":1}},"4":{"start":{"line":20,"column":2},"end":{"line":30,"column":21}},"5":{"start":{"line":33,"column":24},"end":{"line":41,"column":1}},"6":{"start":{"line":34,"column":2},"end":{"line":40,"column":4}},"7":{"start":{"line":43,"column":19},"end":{"line":47,"column":1}},"8":{"start":{"line":44,"column":2},"end":{"line":46,"column":9}},"9":{"start":{"line":49,"column":19},"end":{"line":61,"column":1}},"10":{"start":{"line":50,"column":2},"end":{"line":60,"column":9}},"11":{"start":{"line":63,"column":27},"end":{"line":80,"column":1}},"12":{"start":{"line":64,"column":2},"end":{"line":79,"column":9}},"13":{"start":{"line":66,"column":6},"end":{"line":77,"column":25}},"14":{"start":{"line":82,"column":20},"end":{"line":90,"column":1}},"15":{"start":{"line":83,"column":16},"end":{"line":83,"column":41}},"16":{"start":{"line":85,"column":2},"end":{"line":89,"column":3}},"17":{"start":{"line":92,"column":15},"end":{"line":110,"column":1}},"18":{"start":{"line":93,"column":21},"end":{"line":93,"column":36}},"19":{"start":{"line":95,"column":2},"end":{"line":109,"column":3}}},"fnMap":{"0":{"name":"(anonymous_0)","decl":{"start":{"line":15,"column":33},"end":{"line":15,"column":34}},"loc":{"start":{"line":15,"column":47},"end":{"line":17,"column":1}},"line":15},"1":{"name":"(anonymous_1)","decl":{"start":{"line":15,"column":47},"end":{"line":15,"column":48}},"loc":{"start":{"line":15,"column":53},"end":{"line":17,"column":1}},"line":15},"2":{"name":"(anonymous_2)","decl":{"start":{"line":19,"column":25},"end":{"line":19,"column":26}},"loc":{"start":{"line":20,"column":2},"end":{"line":30,"column":21}},"line":20},"3":{"name":"(anonymous_3)","decl":{"start":{"line":33,"column":24},"end":{"line":33,"column":25}},"loc":{"start":{"line":34,"column":2},"end":{"line":40,"column":4}},"line":34},"4":{"name":"(anonymous_4)","decl":{"start":{"line":43,"column":19},"end":{"line":43,"column":20}},"loc":{"start":{"line":44,"column":2},"end":{"line":46,"column":9}},"line":44},"5":{"name":"(anonymous_5)","decl":{"start":{"line":49,"column":19},"end":{"line":49,"column":20}},"loc":{"start":{"line":50,"column":2},"end":{"line":60,"column":9}},"line":50},"6":{"name":"(anonymous_6)","decl":{"start":{"line":63,"column":27},"end":{"line":63,"column":28}},"loc":{"start":{"line":64,"column":2},"end":{"line":79,"column":9}},"line":64},"7":{"name":"(anonymous_7)","decl":{"start":{"line":65,"column":21},"end":{"line":65,"column":22}},"loc":{"start":{"line":66,"column":6},"end":{"line":77,"column":25}},"line":66},"8":{"name":"(anonymous_8)","decl":{"start":{"line":82,"column":20},"end":{"line":82,"column":21}},"loc":{"start":{"line":82,"column":43},"end":{"line":90,"column":1}},"line":82},"9":{"name":"(anonymous_9)","decl":{"start":{"line":92,"column":15},"end":{"line":92,"column":16}},"loc":{"start":{"line":92,"column":24},"end":{"line":110,"column":1}},"line":92}},"branchMap":{"0":{"loc":{"start":{"line":45,"column":5},"end":{"line":45,"column":57}},"type":"binary-expr","locations":[{"start":{"line":45,"column":5},"end":{"line":45,"column":25}},{"start":{"line":45,"column":29},"end":{"line":45,"column":57}}],"line":45},"1":{"loc":{"start":{"line":87,"column":7},"end":{"line":87,"column":64}},"type":"binary-expr","locations":[{"start":{"line":87,"column":7},"end":{"line":87,"column":23}},{"start":{"line":87,"column":27},"end":{"line":87,"column":64}}],"line":87}},"s":{"0":2,"1":3,"2":1,"3":2,"4":2,"5":2,"6":3,"7":2,"8":3,"9":2,"10":3,"11":2,"12":1,"13":1,"14":2,"15":3,"16":3,"17":2,"18":3,"19":3},"f":{"0":3,"1":1,"2":2,"3":3,"4":3,"5":3,"6":1,"7":1,"8":3,"9":3},"b":{"0":[3,2],"1":[3,1]},"_coverageSchema":"1a1c01bbd47fc00a2c39e90264f33305004495a9","hash":"76559661000cbbe86a68fcf2963f8e7943f11e0f"}
,"/Users/mac/Documents/Test/Jenius/Ganda_Apptest/src/component/header/header.component.styles.js": {"path":"/Users/mac/Documents/Test/Jenius/Ganda_Apptest/src/component/header/header.component.styles.js","statementMap":{"0":{"start":{"line":6,"column":15},"end":{"line":53,"column":2}}},"fnMap":{},"branchMap":{"0":{"loc":{"start":{"line":18,"column":15},"end":{"line":18,"column":70}},"type":"cond-expr","locations":[{"start":{"line":18,"column":43},"end":{"line":18,"column":66}},{"start":{"line":18,"column":69},"end":{"line":18,"column":70}}],"line":18},"1":{"loc":{"start":{"line":21,"column":14},"end":{"line":21,"column":74}},"type":"cond-expr","locations":[{"start":{"line":21,"column":42},"end":{"line":21,"column":57}},{"start":{"line":21,"column":60},"end":{"line":21,"column":74}}],"line":21}},"s":{"0":2},"f":{},"b":{"0":[0,2],"1":[0,2]},"_coverageSchema":"1a1c01bbd47fc00a2c39e90264f33305004495a9","hash":"965b028edf38f36e6f4a5d579858fb0f4c9e2ba3"}
,"/Users/mac/Documents/Test/Jenius/Ganda_Apptest/src/component/loader/loader.component.js": {"path":"/Users/mac/Documents/Test/Jenius/Ganda_Apptest/src/component/loader/loader.component.js","statementMap":{"0":{"start":{"line":8,"column":15},"end":{"line":21,"column":1}},"1":{"start":{"line":9,"column":2},"end":{"line":20,"column":3}}},"fnMap":{"0":{"name":"(anonymous_0)","decl":{"start":{"line":8,"column":15},"end":{"line":8,"column":16}},"loc":{"start":{"line":8,"column":41},"end":{"line":21,"column":1}},"line":8}},"branchMap":{},"s":{"0":1,"1":2},"f":{"0":2},"b":{},"_coverageSchema":"1a1c01bbd47fc00a2c39e90264f33305004495a9","hash":"5154c7fd8cc8a27a6434c817eb56a92880dd6a4d"}
,"/Users/mac/Documents/Test/Jenius/Ganda_Apptest/src/component/loader/loader.component.styles.js": {"path":"/Users/mac/Documents/Test/Jenius/Ganda_Apptest/src/component/loader/loader.component.styles.js","statementMap":{},"fnMap":{},"branchMap":{},"s":{},"f":{},"b":{},"_coverageSchema":"1a1c01bbd47fc00a2c39e90264f33305004495a9","hash":"bde9fd5f43dac54cab155a8c7c25b80af5e32b1e"}
,"/Users/mac/Documents/Test/Jenius/Ganda_Apptest/src/component/loading/index.js": {"path":"/Users/mac/Documents/Test/Jenius/Ganda_Apptest/src/component/loading/index.js","statementMap":{},"fnMap":{},"branchMap":{},"s":{},"f":{},"b":{},"_coverageSchema":"1a1c01bbd47fc00a2c39e90264f33305004495a9","hash":"1c42f5d703dcc22e580e33a9520d9983986ff13e"}
,"/Users/mac/Documents/Test/Jenius/Ganda_Apptest/src/component/loading/loading.component.js": {"path":"/Users/mac/Documents/Test/Jenius/Ganda_Apptest/src/component/loading/loading.component.js","statementMap":{"0":{"start":{"line":6,"column":16},"end":{"line":14,"column":1}},"1":{"start":{"line":7,"column":2},"end":{"line":13,"column":9}}},"fnMap":{"0":{"name":"(anonymous_0)","decl":{"start":{"line":6,"column":16},"end":{"line":6,"column":17}},"loc":{"start":{"line":7,"column":2},"end":{"line":13,"column":9}},"line":7}},"branchMap":{},"s":{"0":3,"1":2},"f":{"0":2},"b":{},"_coverageSchema":"1a1c01bbd47fc00a2c39e90264f33305004495a9","hash":"518d397ecd879a1715532c14a790d237b843966c"}
,"/Users/mac/Documents/Test/Jenius/Ganda_Apptest/src/component/loading/loading.component.styles.js": {"path":"/Users/mac/Documents/Test/Jenius/Ganda_Apptest/src/component/loading/loading.component.styles.js","statementMap":{"0":{"start":{"line":5,"column":15},"end":{"line":12,"column":2}}},"fnMap":{},"branchMap":{},"s":{"0":3},"f":{},"b":{},"_coverageSchema":"1a1c01bbd47fc00a2c39e90264f33305004495a9","hash":"2e574e4ff34148b44ea17683f772f4d01bc536cb"}
,"/Users/mac/Documents/Test/Jenius/Ganda_Apptest/src/constant/color.js": {"path":"/Users/mac/Documents/Test/Jenius/Ganda_Apptest/src/constant/color.js","statementMap":{"0":{"start":{"line":1,"column":14},"end":{"line":9,"column":1}}},"fnMap":{},"branchMap":{},"s":{"0":15},"f":{},"b":{},"_coverageSchema":"1a1c01bbd47fc00a2c39e90264f33305004495a9","hash":"46b55fde480c62cabc7ea56fc805bdc9530d16cb"}
,"/Users/mac/Documents/Test/Jenius/Ganda_Apptest/src/constant/font.js": {"path":"/Users/mac/Documents/Test/Jenius/Ganda_Apptest/src/constant/font.js","statementMap":{"0":{"start":{"line":1,"column":17},"end":{"line":6,"column":1}},"1":{"start":{"line":8,"column":17},"end":{"line":12,"column":1}},"2":{"start":{"line":14,"column":19},"end":{"line":19,"column":1}}},"fnMap":{},"branchMap":{},"s":{"0":11,"1":11,"2":11},"f":{},"b":{},"_coverageSchema":"1a1c01bbd47fc00a2c39e90264f33305004495a9","hash":"7fc2cebc9f22ca92af4fa313b326604ee1d86e0f"}
,"/Users/mac/Documents/Test/Jenius/Ganda_Apptest/src/constant/image.js": {"path":"/Users/mac/Documents/Test/Jenius/Ganda_Apptest/src/constant/image.js","statementMap":{"0":{"start":{"line":1,"column":19},"end":{"line":1,"column":24}},"1":{"start":{"line":3,"column":2},"end":{"line":3,"column":91}}},"fnMap":{},"branchMap":{},"s":{"0":6,"1":6},"f":{},"b":{},"_coverageSchema":"1a1c01bbd47fc00a2c39e90264f33305004495a9","hash":"02a3c04347361498f22b060341e6fada4cd3b6b8"}
,"/Users/mac/Documents/Test/Jenius/Ganda_Apptest/src/fixture/index.js": {"path":"/Users/mac/Documents/Test/Jenius/Ganda_Apptest/src/fixture/index.js","statementMap":{},"fnMap":{},"branchMap":{},"s":{},"f":{},"b":{},"_coverageSchema":"1a1c01bbd47fc00a2c39e90264f33305004495a9","hash":"506c646325ee7c8066516223ac91a067790b3dbc"}
,"/Users/mac/Documents/Test/Jenius/Ganda_Apptest/src/fixture/mockContact.js": {"path":"/Users/mac/Documents/Test/Jenius/Ganda_Apptest/src/fixture/mockContact.js","statementMap":{"0":{"start":{"line":1,"column":20},"end":{"line":12,"column":1}}},"fnMap":{},"branchMap":{},"s":{"0":7},"f":{},"b":{},"_coverageSchema":"1a1c01bbd47fc00a2c39e90264f33305004495a9","hash":"dc531355fda99a53382734ba6ab9f7f693224106"}
,"/Users/mac/Documents/Test/Jenius/Ganda_Apptest/src/fixture/mockContacts.js": {"path":"/Users/mac/Documents/Test/Jenius/Ganda_Apptest/src/fixture/mockContacts.js","statementMap":{"0":{"start":{"line":1,"column":21},"end":{"line":14,"column":1}}},"fnMap":{},"branchMap":{},"s":{"0":7},"f":{},"b":{},"_coverageSchema":"1a1c01bbd47fc00a2c39e90264f33305004495a9","hash":"7dcc73a53f7bfb0fff1490bb133aef45f187d09a"}
,"/Users/mac/Documents/Test/Jenius/Ganda_Apptest/src/navigation/routes.js": {"path":"/Users/mac/Documents/Test/Jenius/Ganda_Apptest/src/navigation/routes.js","statementMap":{"0":{"start":{"line":1,"column":15},"end":{"line":6,"column":1}}},"fnMap":{},"branchMap":{},"s":{"0":10},"f":{},"b":{},"_coverageSchema":"1a1c01bbd47fc00a2c39e90264f33305004495a9","hash":"feab65b500b6f937a77a38255338c6ac53c12552"}
,"/Users/mac/Documents/Test/Jenius/Ganda_Apptest/src/redux/action/listContactsActions.js": {"path":"/Users/mac/Documents/Test/Jenius/Ganda_Apptest/src/redux/action/listContactsActions.js","statementMap":{"0":{"start":{"line":3,"column":38},"end":{"line":8,"column":1}},"1":{"start":{"line":4,"column":2},"end":{"line":7,"column":3}}},"fnMap":{"0":{"name":"(anonymous_0)","decl":{"start":{"line":3,"column":38},"end":{"line":3,"column":39}},"loc":{"start":{"line":3,"column":49},"end":{"line":8,"column":1}},"line":3}},"branchMap":{},"s":{"0":2,"1":3},"f":{"0":3},"b":{},"_coverageSchema":"1a1c01bbd47fc00a2c39e90264f33305004495a9","hash":"63f60b517b2e401e27c792574cb88a812a9a2325"}
,"/Users/mac/Documents/Test/Jenius/Ganda_Apptest/src/redux/types/index.js": {"path":"/Users/mac/Documents/Test/Jenius/Ganda_Apptest/src/redux/types/index.js","statementMap":{"0":{"start":{"line":1,"column":41},"end":{"line":1,"column":68}}},"fnMap":{},"branchMap":{},"s":{"0":2},"f":{},"b":{},"_coverageSchema":"1a1c01bbd47fc00a2c39e90264f33305004495a9","hash":"b104b1a7052d3c6b01c3f9f23b08194f7085c3a2"}
,"/Users/mac/Documents/Test/Jenius/Ganda_Apptest/src/screen/createContact/createContact.component.js": {"path":"/Users/mac/Documents/Test/Jenius/Ganda_Apptest/src/screen/createContact/createContact.component.js","statementMap":{"0":{"start":{"line":30,"column":29},"end":{"line":46,"column":1}},"1":{"start":{"line":30,"column":38},"end":{"line":46,"column":1}},"2":{"start":{"line":31,"column":2},"end":{"line":31,"column":23}},"3":{"start":{"line":32,"column":2},"end":{"line":45,"column":3}},"4":{"start":{"line":33,"column":4},"end":{"line":33,"column":47}},"5":{"start":{"line":34,"column":4},"end":{"line":34,"column":48}},"6":{"start":{"line":35,"column":4},"end":{"line":35,"column":29}},"7":{"start":{"line":37,"column":4},"end":{"line":42,"column":6}},"8":{"start":{"line":44,"column":4},"end":{"line":44,"column":26}},"9":{"start":{"line":48,"column":34},"end":{"line":63,"column":3}},"10":{"start":{"line":48,"column":43},"end":{"line":63,"column":3}},"11":{"start":{"line":49,"column":2},"end":{"line":63,"column":3}},"12":{"start":{"line":65,"column":29},"end":{"line":82,"column":1}},"13":{"start":{"line":65,"column":48},"end":{"line":82,"column":1}},"14":{"start":{"line":66,"column":2},"end":{"line":66,"column":23}},"15":{"start":{"line":67,"column":2},"end":{"line":67,"column":26}},"16":{"start":{"line":68,"column":2},"end":{"line":81,"column":3}},"17":{"start":{"line":69,"column":4},"end":{"line":69,"column":48}},"18":{"start":{"line":70,"column":4},"end":{"line":70,"column":48}},"19":{"start":{"line":71,"column":4},"end":{"line":71,"column":29}},"20":{"start":{"line":73,"column":4},"end":{"line":78,"column":6}},"21":{"start":{"line":80,"column":4},"end":{"line":80,"column":26}},"22":{"start":{"line":84,"column":34},"end":{"line":99,"column":3}},"23":{"start":{"line":85,"column":2},"end":{"line":99,"column":3}},"24":{"start":{"line":101,"column":27},"end":{"line":118,"column":1}},"25":{"start":{"line":101,"column":46},"end":{"line":118,"column":1}},"26":{"start":{"line":102,"column":2},"end":{"line":102,"column":23}},"27":{"start":{"line":103,"column":2},"end":{"line":103,"column":26}},"28":{"start":{"line":104,"column":2},"end":{"line":117,"column":3}},"29":{"start":{"line":105,"column":4},"end":{"line":105,"column":59}},"30":{"start":{"line":106,"column":4},"end":{"line":106,"column":48}},"31":{"start":{"line":107,"column":4},"end":{"line":107,"column":49}},"32":{"start":{"line":109,"column":4},"end":{"line":114,"column":6}},"33":{"start":{"line":116,"column":4},"end":{"line":116,"column":26}},"34":{"start":{"line":120,"column":32},"end":{"line":131,"column":4}},"35":{"start":{"line":121,"column":2},"end":{"line":131,"column":4}},"36":{"start":{"line":133,"column":35},"end":{"line":143,"column":1}},"37":{"start":{"line":133,"column":62},"end":{"line":143,"column":1}},"38":{"start":{"line":134,"column":2},"end":{"line":136,"column":3}},"39":{"start":{"line":135,"column":4},"end":{"line":135,"column":16}},"40":{"start":{"line":138,"column":2},"end":{"line":140,"column":3}},"41":{"start":{"line":139,"column":4},"end":{"line":139,"column":42}},"42":{"start":{"line":142,"column":2},"end":{"line":142,"column":42}},"43":{"start":{"line":145,"column":21},"end":{"line":155,"column":1}},"44":{"start":{"line":146,"column":2},"end":{"line":154,"column":9}},"45":{"start":{"line":157,"column":24},"end":{"line":161,"column":1}},"46":{"start":{"line":158,"column":2},"end":{"line":160,"column":9}},"47":{"start":{"line":163,"column":24},"end":{"line":180,"column":1}},"48":{"start":{"line":164,"column":2},"end":{"line":179,"column":9}},"49":{"start":{"line":182,"column":26},"end":{"line":203,"column":1}},"50":{"start":{"line":182,"column":43},"end":{"line":203,"column":1}},"51":{"start":{"line":183,"column":16},"end":{"line":195,"column":3}},"52":{"start":{"line":197,"column":2},"end":{"line":202,"column":4}},"53":{"start":{"line":198,"column":16},"end":{"line":198,"column":52}},"54":{"start":{"line":199,"column":4},"end":{"line":201,"column":5}},"55":{"start":{"line":200,"column":6},"end":{"line":200,"column":33}},"56":{"start":{"line":205,"column":20},"end":{"line":223,"column":1}},"57":{"start":{"line":206,"column":2},"end":{"line":222,"column":21}},"58":{"start":{"line":225,"column":19},"end":{"line":268,"column":1}},"59":{"start":{"line":226,"column":2},"end":{"line":267,"column":11}},"60":{"start":{"line":232,"column":6},"end":{"line":265,"column":9}},"61":{"start":{"line":270,"column":36},"end":{"line":272,"column":1}},"62":{"start":{"line":270,"column":45},"end":{"line":272,"column":1}},"63":{"start":{"line":271,"column":2},"end":{"line":271,"column":24}},"64":{"start":{"line":274,"column":21},"end":{"line":276,"column":1}},"65":{"start":{"line":275,"column":2},"end":{"line":275,"column":73}},"66":{"start":{"line":278,"column":25},"end":{"line":303,"column":1}},"67":{"start":{"line":279,"column":26},"end":{"line":284,"column":4}},"68":{"start":{"line":285,"column":17},"end":{"line":285,"column":59}},"69":{"start":{"line":286,"column":13},"end":{"line":286,"column":48}},"70":{"start":{"line":287,"column":30},"end":{"line":287,"column":51}},"71":{"start":{"line":288,"column":19},"end":{"line":288,"column":32}},"72":{"start":{"line":289,"column":21},"end":{"line":289,"column":36}},"73":{"start":{"line":291,"column":16},"end":{"line":300,"column":3}},"74":{"start":{"line":302,"column":2},"end":{"line":302,"column":14}},"75":{"start":{"line":305,"column":22},"end":{"line":328,"column":1}},"76":{"start":{"line":306,"column":16},"end":{"line":306,"column":39}},"77":{"start":{"line":308,"column":2},"end":{"line":327,"column":3}}},"fnMap":{"0":{"name":"(anonymous_0)","decl":{"start":{"line":30,"column":29},"end":{"line":30,"column":30}},"loc":{"start":{"line":30,"column":38},"end":{"line":46,"column":1}},"line":30},"1":{"name":"(anonymous_1)","decl":{"start":{"line":30,"column":38},"end":{"line":30,"column":39}},"loc":{"start":{"line":30,"column":50},"end":{"line":46,"column":1}},"line":30},"2":{"name":"(anonymous_2)","decl":{"start":{"line":40,"column":17},"end":{"line":40,"column":18}},"loc":{"start":{"line":40,"column":23},"end":{"line":40,"column":25}},"line":40},"3":{"name":"(anonymous_3)","decl":{"start":{"line":48,"column":34},"end":{"line":48,"column":35}},"loc":{"start":{"line":48,"column":43},"end":{"line":63,"column":3}},"line":48},"4":{"name":"(anonymous_4)","decl":{"start":{"line":48,"column":43},"end":{"line":48,"column":44}},"loc":{"start":{"line":49,"column":2},"end":{"line":63,"column":3}},"line":49},"5":{"name":"(anonymous_5)","decl":{"start":{"line":59,"column":17},"end":{"line":59,"column":18}},"loc":{"start":{"line":59,"column":23},"end":{"line":59,"column":25}},"line":59},"6":{"name":"(anonymous_6)","decl":{"start":{"line":65,"column":29},"end":{"line":65,"column":30}},"loc":{"start":{"line":65,"column":48},"end":{"line":82,"column":1}},"line":65},"7":{"name":"(anonymous_7)","decl":{"start":{"line":65,"column":48},"end":{"line":65,"column":49}},"loc":{"start":{"line":65,"column":60},"end":{"line":82,"column":1}},"line":65},"8":{"name":"(anonymous_8)","decl":{"start":{"line":76,"column":17},"end":{"line":76,"column":18}},"loc":{"start":{"line":76,"column":23},"end":{"line":76,"column":25}},"line":76},"9":{"name":"(anonymous_9)","decl":{"start":{"line":84,"column":34},"end":{"line":84,"column":35}},"loc":{"start":{"line":85,"column":2},"end":{"line":99,"column":3}},"line":85},"10":{"name":"(anonymous_10)","decl":{"start":{"line":95,"column":17},"end":{"line":95,"column":18}},"loc":{"start":{"line":95,"column":23},"end":{"line":95,"column":25}},"line":95},"11":{"name":"(anonymous_11)","decl":{"start":{"line":101,"column":27},"end":{"line":101,"column":28}},"loc":{"start":{"line":101,"column":46},"end":{"line":118,"column":1}},"line":101},"12":{"name":"(anonymous_12)","decl":{"start":{"line":101,"column":46},"end":{"line":101,"column":47}},"loc":{"start":{"line":101,"column":58},"end":{"line":118,"column":1}},"line":101},"13":{"name":"(anonymous_13)","decl":{"start":{"line":112,"column":17},"end":{"line":112,"column":18}},"loc":{"start":{"line":112,"column":23},"end":{"line":112,"column":25}},"line":112},"14":{"name":"(anonymous_14)","decl":{"start":{"line":120,"column":32},"end":{"line":120,"column":33}},"loc":{"start":{"line":121,"column":2},"end":{"line":131,"column":4}},"line":121},"15":{"name":"(anonymous_15)","decl":{"start":{"line":128,"column":15},"end":{"line":128,"column":16}},"loc":{"start":{"line":128,"column":21},"end":{"line":128,"column":23}},"line":128},"16":{"name":"(anonymous_16)","decl":{"start":{"line":133,"column":35},"end":{"line":133,"column":36}},"loc":{"start":{"line":133,"column":62},"end":{"line":143,"column":1}},"line":133},"17":{"name":"(anonymous_17)","decl":{"start":{"line":133,"column":62},"end":{"line":133,"column":63}},"loc":{"start":{"line":133,"column":68},"end":{"line":143,"column":1}},"line":133},"18":{"name":"(anonymous_18)","decl":{"start":{"line":145,"column":21},"end":{"line":145,"column":22}},"loc":{"start":{"line":146,"column":2},"end":{"line":154,"column":9}},"line":146},"19":{"name":"(anonymous_19)","decl":{"start":{"line":157,"column":24},"end":{"line":157,"column":25}},"loc":{"start":{"line":158,"column":2},"end":{"line":160,"column":9}},"line":158},"20":{"name":"(anonymous_20)","decl":{"start":{"line":163,"column":24},"end":{"line":163,"column":25}},"loc":{"start":{"line":164,"column":2},"end":{"line":179,"column":9}},"line":164},"21":{"name":"(anonymous_21)","decl":{"start":{"line":182,"column":26},"end":{"line":182,"column":27}},"loc":{"start":{"line":182,"column":43},"end":{"line":203,"column":1}},"line":182},"22":{"name":"(anonymous_22)","decl":{"start":{"line":182,"column":43},"end":{"line":182,"column":44}},"loc":{"start":{"line":182,"column":49},"end":{"line":203,"column":1}},"line":182},"23":{"name":"(anonymous_23)","decl":{"start":{"line":197,"column":30},"end":{"line":197,"column":31}},"loc":{"start":{"line":197,"column":42},"end":{"line":202,"column":3}},"line":197},"24":{"name":"(anonymous_24)","decl":{"start":{"line":205,"column":20},"end":{"line":205,"column":21}},"loc":{"start":{"line":206,"column":2},"end":{"line":222,"column":21}},"line":206},"25":{"name":"(anonymous_25)","decl":{"start":{"line":225,"column":19},"end":{"line":225,"column":20}},"loc":{"start":{"line":226,"column":2},"end":{"line":267,"column":11}},"line":226},"26":{"name":"(anonymous_26)","decl":{"start":{"line":231,"column":5},"end":{"line":231,"column":6}},"loc":{"start":{"line":232,"column":6},"end":{"line":265,"column":9}},"line":232},"27":{"name":"(anonymous_27)","decl":{"start":{"line":270,"column":36},"end":{"line":270,"column":37}},"loc":{"start":{"line":270,"column":45},"end":{"line":272,"column":1}},"line":270},"28":{"name":"(anonymous_28)","decl":{"start":{"line":270,"column":45},"end":{"line":270,"column":46}},"loc":{"start":{"line":270,"column":51},"end":{"line":272,"column":1}},"line":270},"29":{"name":"(anonymous_29)","decl":{"start":{"line":274,"column":21},"end":{"line":274,"column":22}},"loc":{"start":{"line":275,"column":2},"end":{"line":275,"column":73}},"line":275},"30":{"name":"(anonymous_30)","decl":{"start":{"line":278,"column":25},"end":{"line":278,"column":26}},"loc":{"start":{"line":278,"column":34},"end":{"line":303,"column":1}},"line":278},"31":{"name":"(anonymous_31)","decl":{"start":{"line":305,"column":22},"end":{"line":305,"column":23}},"loc":{"start":{"line":305,"column":31},"end":{"line":328,"column":1}},"line":305}},"branchMap":{"0":{"loc":{"start":{"line":134,"column":2},"end":{"line":136,"column":3}},"type":"if","locations":[{"start":{"line":134,"column":2},"end":{"line":136,"column":3}},{"start":{},"end":{}}],"line":134},"1":{"loc":{"start":{"line":134,"column":6},"end":{"line":134,"column":71}},"type":"binary-expr","locations":[{"start":{"line":134,"column":6},"end":{"line":134,"column":18}},{"start":{"line":134,"column":22},"end":{"line":134,"column":38}},{"start":{"line":134,"column":42},"end":{"line":134,"column":57}},{"start":{"line":134,"column":61},"end":{"line":134,"column":71}}],"line":134},"2":{"loc":{"start":{"line":138,"column":2},"end":{"line":140,"column":3}},"type":"if","locations":[{"start":{"line":138,"column":2},"end":{"line":140,"column":3}},{"start":{},"end":{}}],"line":138},"3":{"loc":{"start":{"line":177,"column":20},"end":{"line":177,"column":76}},"type":"cond-expr","locations":[{"start":{"line":177,"column":52},"end":{"line":177,"column":64}},{"start":{"line":177,"column":67},"end":{"line":177,"column":76}}],"line":177},"4":{"loc":{"start":{"line":199,"column":4},"end":{"line":201,"column":5}},"type":"if","locations":[{"start":{"line":199,"column":4},"end":{"line":201,"column":5}},{"start":{},"end":{}}],"line":199},"5":{"loc":{"start":{"line":213,"column":13},"end":{"line":217,"column":29}},"type":"cond-expr","locations":[{"start":{"line":214,"column":12},"end":{"line":214,"column":24}},{"start":{"line":215,"column":12},"end":{"line":217,"column":29}}],"line":213},"6":{"loc":{"start":{"line":215,"column":12},"end":{"line":217,"column":29}},"type":"cond-expr","locations":[{"start":{"line":216,"column":12},"end":{"line":216,"column":28}},{"start":{"line":217,"column":12},"end":{"line":217,"column":29}}],"line":215},"7":{"loc":{"start":{"line":215,"column":12},"end":{"line":215,"column":63}},"type":"binary-expr","locations":[{"start":{"line":215,"column":12},"end":{"line":215,"column":28}},{"start":{"line":215,"column":32},"end":{"line":215,"column":63}}],"line":215},"8":{"loc":{"start":{"line":238,"column":11},"end":{"line":238,"column":56}},"type":"binary-expr","locations":[{"start":{"line":238,"column":11},"end":{"line":238,"column":23}},{"start":{"line":238,"column":27},"end":{"line":238,"column":56}}],"line":238},"9":{"loc":{"start":{"line":246,"column":11},"end":{"line":246,"column":64}},"type":"binary-expr","locations":[{"start":{"line":246,"column":11},"end":{"line":246,"column":27}},{"start":{"line":246,"column":31},"end":{"line":246,"column":64}}],"line":246},"10":{"loc":{"start":{"line":254,"column":11},"end":{"line":254,"column":62}},"type":"binary-expr","locations":[{"start":{"line":254,"column":11},"end":{"line":254,"column":26}},{"start":{"line":254,"column":30},"end":{"line":254,"column":62}}],"line":254},"11":{"loc":{"start":{"line":262,"column":11},"end":{"line":262,"column":52}},"type":"binary-expr","locations":[{"start":{"line":262,"column":11},"end":{"line":262,"column":21}},{"start":{"line":262,"column":25},"end":{"line":262,"column":52}}],"line":262},"12":{"loc":{"start":{"line":312,"column":15},"end":{"line":312,"column":63}},"type":"cond-expr","locations":[{"start":{"line":312,"column":30},"end":{"line":312,"column":44}},{"start":{"line":312,"column":47},"end":{"line":312,"column":63}}],"line":312},"13":{"loc":{"start":{"line":314,"column":10},"end":{"line":321,"column":16}},"type":"cond-expr","locations":[{"start":{"line":315,"column":14},"end":{"line":320,"column":15}},{"start":{"line":321,"column":14},"end":{"line":321,"column":16}}],"line":314}},"s":{"0":2,"1":4,"2":3,"3":3,"4":3,"5":1,"6":1,"7":2,"8":3,"9":2,"10":3,"11":2,"12":2,"13":5,"14":3,"15":3,"16":3,"17":3,"18":1,"19":1,"20":2,"21":3,"22":2,"23":3,"24":2,"25":5,"26":3,"27":3,"28":3,"29":3,"30":1,"31":1,"32":1,"33":2,"34":2,"35":3,"36":2,"37":3,"38":3,"39":1,"40":2,"41":1,"42":1,"43":2,"44":0,"45":2,"46":0,"47":2,"48":0,"49":2,"50":0,"51":0,"52":0,"53":0,"54":0,"55":0,"56":2,"57":0,"58":2,"59":3,"60":0,"61":2,"62":4,"63":1,"64":2,"65":3,"66":2,"67":3,"68":3,"69":3,"70":3,"71":3,"72":3,"73":3,"74":3,"75":2,"76":3,"77":3},"f":{"0":4,"1":3,"2":1,"3":3,"4":2,"5":1,"6":5,"7":3,"8":1,"9":3,"10":1,"11":5,"12":3,"13":1,"14":3,"15":1,"16":3,"17":3,"18":0,"19":0,"20":0,"21":0,"22":0,"23":0,"24":0,"25":3,"26":0,"27":4,"28":1,"29":3,"30":3,"31":3},"b":{"0":[1,2],"1":[3,3,3,3],"2":[1,1],"3":[0,0],"4":[0,0],"5":[0,0],"6":[0,0],"7":[0,0],"8":[0,0],"9":[0,0],"10":[0,0],"11":[0,0],"12":[1,2],"13":[1,2]},"_coverageSchema":"1a1c01bbd47fc00a2c39e90264f33305004495a9","hash":"cee92780d04871f909bccad446ec043c23ad69f9"}
,"/Users/mac/Documents/Test/Jenius/Ganda_Apptest/src/screen/createContact/createContact.component.styles.js": {"path":"/Users/mac/Documents/Test/Jenius/Ganda_Apptest/src/screen/createContact/createContact.component.styles.js","statementMap":{"0":{"start":{"line":6,"column":15},"end":{"line":61,"column":2}}},"fnMap":{},"branchMap":{},"s":{"0":2},"f":{},"b":{},"_coverageSchema":"1a1c01bbd47fc00a2c39e90264f33305004495a9","hash":"575212c03be980be71bb7ea36df244f2f650d620"}
,"/Users/mac/Documents/Test/Jenius/Ganda_Apptest/src/screen/createContact/validationSchemaCreateContact.js": {"path":"/Users/mac/Documents/Test/Jenius/Ganda_Apptest/src/screen/createContact/validationSchemaCreateContact.js","statementMap":{"0":{"start":{"line":3,"column":25},"end":{"line":8,"column":1}},"1":{"start":{"line":10,"column":25},"end":{"line":30,"column":2}}},"fnMap":{},"branchMap":{},"s":{"0":2,"1":2},"f":{},"b":{},"_coverageSchema":"1a1c01bbd47fc00a2c39e90264f33305004495a9","hash":"cc9425d84da77ed230018ae1137642415a9cfa7c"}
,"/Users/mac/Documents/Test/Jenius/Ganda_Apptest/src/screen/detailContact/detailContact.component.js": {"path":"/Users/mac/Documents/Test/Jenius/Ganda_Apptest/src/screen/detailContact/detailContact.component.js","statementMap":{"0":{"start":{"line":17,"column":33},"end":{"line":27,"column":1}},"1":{"start":{"line":18,"column":2},"end":{"line":26,"column":3}},"2":{"start":{"line":19,"column":21},"end":{"line":19,"column":61}},"3":{"start":{"line":20,"column":17},"end":{"line":20,"column":49}},"4":{"start":{"line":21,"column":4},"end":{"line":21,"column":26}},"5":{"start":{"line":22,"column":4},"end":{"line":22,"column":27}},"6":{"start":{"line":24,"column":4},"end":{"line":24,"column":24}},"7":{"start":{"line":25,"column":4},"end":{"line":25,"column":27}},"8":{"start":{"line":29,"column":39},"end":{"line":38,"column":1}},"9":{"start":{"line":29,"column":48},"end":{"line":38,"column":1}},"10":{"start":{"line":30,"column":2},"end":{"line":37,"column":4}},"11":{"start":{"line":40,"column":29},"end":{"line":56,"column":1}},"12":{"start":{"line":40,"column":38},"end":{"line":56,"column":1}},"13":{"start":{"line":41,"column":2},"end":{"line":41,"column":23}},"14":{"start":{"line":42,"column":2},"end":{"line":55,"column":3}},"15":{"start":{"line":43,"column":4},"end":{"line":43,"column":47}},"16":{"start":{"line":44,"column":4},"end":{"line":44,"column":48}},"17":{"start":{"line":45,"column":4},"end":{"line":45,"column":29}},"18":{"start":{"line":47,"column":4},"end":{"line":52,"column":6}},"19":{"start":{"line":54,"column":4},"end":{"line":54,"column":26}},"20":{"start":{"line":58,"column":34},"end":{"line":73,"column":3}},"21":{"start":{"line":58,"column":43},"end":{"line":73,"column":3}},"22":{"start":{"line":59,"column":2},"end":{"line":73,"column":3}},"23":{"start":{"line":75,"column":20},"end":{"line":84,"column":1}},"24":{"start":{"line":76,"column":2},"end":{"line":83,"column":4}},"25":{"start":{"line":86,"column":19},"end":{"line":95,"column":1}},"26":{"start":{"line":87,"column":2},"end":{"line":94,"column":9}},"27":{"start":{"line":97,"column":18},"end":{"line":106,"column":1}},"28":{"start":{"line":98,"column":2},"end":{"line":105,"column":9}},"29":{"start":{"line":108,"column":24},"end":{"line":114,"column":1}},"30":{"start":{"line":109,"column":2},"end":{"line":113,"column":15}},"31":{"start":{"line":116,"column":21},"end":{"line":131,"column":1}},"32":{"start":{"line":117,"column":2},"end":{"line":130,"column":4}},"33":{"start":{"line":133,"column":36},"end":{"line":135,"column":1}},"34":{"start":{"line":133,"column":45},"end":{"line":135,"column":1}},"35":{"start":{"line":134,"column":2},"end":{"line":134,"column":24}},"36":{"start":{"line":137,"column":21},"end":{"line":139,"column":1}},"37":{"start":{"line":138,"column":2},"end":{"line":138,"column":73}},"38":{"start":{"line":141,"column":25},"end":{"line":167,"column":1}},"39":{"start":{"line":142,"column":13},"end":{"line":142,"column":48}},"40":{"start":{"line":143,"column":32},"end":{"line":143,"column":52}},"41":{"start":{"line":144,"column":32},"end":{"line":144,"column":50}},"42":{"start":{"line":145,"column":21},"end":{"line":145,"column":36}},"43":{"start":{"line":146,"column":30},"end":{"line":146,"column":51}},"44":{"start":{"line":147,"column":19},"end":{"line":147,"column":32}},"45":{"start":{"line":149,"column":16},"end":{"line":159,"column":3}},"46":{"start":{"line":161,"column":2},"end":{"line":164,"column":8}},"47":{"start":{"line":162,"column":4},"end":{"line":162,"column":28}},"48":{"start":{"line":166,"column":2},"end":{"line":166,"column":14}},"49":{"start":{"line":169,"column":22},"end":{"line":179,"column":1}},"50":{"start":{"line":170,"column":16},"end":{"line":170,"column":39}},"51":{"start":{"line":172,"column":2},"end":{"line":178,"column":3}}},"fnMap":{"0":{"name":"(anonymous_0)","decl":{"start":{"line":17,"column":33},"end":{"line":17,"column":34}},"loc":{"start":{"line":17,"column":48},"end":{"line":27,"column":1}},"line":17},"1":{"name":"(anonymous_1)","decl":{"start":{"line":29,"column":39},"end":{"line":29,"column":40}},"loc":{"start":{"line":29,"column":48},"end":{"line":38,"column":1}},"line":29},"2":{"name":"(anonymous_2)","decl":{"start":{"line":29,"column":48},"end":{"line":29,"column":49}},"loc":{"start":{"line":29,"column":54},"end":{"line":38,"column":1}},"line":29},"3":{"name":"(anonymous_3)","decl":{"start":{"line":40,"column":29},"end":{"line":40,"column":30}},"loc":{"start":{"line":40,"column":38},"end":{"line":56,"column":1}},"line":40},"4":{"name":"(anonymous_4)","decl":{"start":{"line":40,"column":38},"end":{"line":40,"column":39}},"loc":{"start":{"line":40,"column":50},"end":{"line":56,"column":1}},"line":40},"5":{"name":"(anonymous_5)","decl":{"start":{"line":50,"column":17},"end":{"line":50,"column":18}},"loc":{"start":{"line":50,"column":23},"end":{"line":50,"column":25}},"line":50},"6":{"name":"(anonymous_6)","decl":{"start":{"line":58,"column":34},"end":{"line":58,"column":35}},"loc":{"start":{"line":58,"column":43},"end":{"line":73,"column":3}},"line":58},"7":{"name":"(anonymous_7)","decl":{"start":{"line":58,"column":43},"end":{"line":58,"column":44}},"loc":{"start":{"line":59,"column":2},"end":{"line":73,"column":3}},"line":59},"8":{"name":"(anonymous_8)","decl":{"start":{"line":69,"column":17},"end":{"line":69,"column":18}},"loc":{"start":{"line":69,"column":23},"end":{"line":69,"column":25}},"line":69},"9":{"name":"(anonymous_9)","decl":{"start":{"line":75,"column":20},"end":{"line":75,"column":21}},"loc":{"start":{"line":76,"column":2},"end":{"line":83,"column":4}},"line":76},"10":{"name":"(anonymous_10)","decl":{"start":{"line":86,"column":19},"end":{"line":86,"column":20}},"loc":{"start":{"line":87,"column":2},"end":{"line":94,"column":9}},"line":87},"11":{"name":"(anonymous_11)","decl":{"start":{"line":97,"column":18},"end":{"line":97,"column":19}},"loc":{"start":{"line":98,"column":2},"end":{"line":105,"column":9}},"line":98},"12":{"name":"(anonymous_12)","decl":{"start":{"line":108,"column":24},"end":{"line":108,"column":25}},"loc":{"start":{"line":109,"column":2},"end":{"line":113,"column":15}},"line":109},"13":{"name":"(anonymous_13)","decl":{"start":{"line":116,"column":21},"end":{"line":116,"column":22}},"loc":{"start":{"line":117,"column":2},"end":{"line":130,"column":4}},"line":117},"14":{"name":"(anonymous_14)","decl":{"start":{"line":133,"column":36},"end":{"line":133,"column":37}},"loc":{"start":{"line":133,"column":45},"end":{"line":135,"column":1}},"line":133},"15":{"name":"(anonymous_15)","decl":{"start":{"line":133,"column":45},"end":{"line":133,"column":46}},"loc":{"start":{"line":133,"column":51},"end":{"line":135,"column":1}},"line":133},"16":{"name":"(anonymous_16)","decl":{"start":{"line":137,"column":21},"end":{"line":137,"column":22}},"loc":{"start":{"line":138,"column":2},"end":{"line":138,"column":73}},"line":138},"17":{"name":"(anonymous_17)","decl":{"start":{"line":141,"column":25},"end":{"line":141,"column":26}},"loc":{"start":{"line":141,"column":34},"end":{"line":167,"column":1}},"line":141},"18":{"name":"(anonymous_18)","decl":{"start":{"line":161,"column":18},"end":{"line":161,"column":19}},"loc":{"start":{"line":161,"column":24},"end":{"line":164,"column":3}},"line":161},"19":{"name":"(anonymous_19)","decl":{"start":{"line":169,"column":22},"end":{"line":169,"column":23}},"loc":{"start":{"line":169,"column":31},"end":{"line":179,"column":1}},"line":169}},"branchMap":{"0":{"loc":{"start":{"line":79,"column":11},"end":{"line":79,"column":75}},"type":"cond-expr","locations":[{"start":{"line":79,"column":42},"end":{"line":79,"column":59}},{"start":{"line":79,"column":62},"end":{"line":79,"column":75}}],"line":79},"1":{"loc":{"start":{"line":175,"column":7},"end":{"line":175,"column":59}},"type":"cond-expr","locations":[{"start":{"line":175,"column":23},"end":{"line":175,"column":34}},{"start":{"line":175,"column":37},"end":{"line":175,"column":59}}],"line":175}},"s":{"0":2,"1":4,"2":4,"3":1,"4":1,"5":1,"6":1,"7":1,"8":2,"9":4,"10":1,"11":2,"12":4,"13":2,"14":2,"15":2,"16":1,"17":1,"18":1,"19":2,"20":2,"21":5,"22":2,"23":2,"24":2,"25":2,"26":2,"27":2,"28":2,"29":2,"30":2,"31":2,"32":3,"33":2,"34":4,"35":1,"36":2,"37":3,"38":2,"39":3,"40":3,"41":3,"42":3,"43":3,"44":3,"45":3,"46":3,"47":2,"48":3,"49":2,"50":3,"51":3},"f":{"0":4,"1":4,"2":1,"3":4,"4":2,"5":1,"6":5,"7":2,"8":1,"9":2,"10":2,"11":2,"12":2,"13":3,"14":4,"15":1,"16":3,"17":3,"18":2,"19":3},"b":{"0":[0,2],"1":[1,2]},"_coverageSchema":"1a1c01bbd47fc00a2c39e90264f33305004495a9","hash":"cb16a3669e5751ff0c0c0f913e8e5c1f6ba9872e"}
,"/Users/mac/Documents/Test/Jenius/Ganda_Apptest/src/screen/detailContact/detailContact.component.styles.js": {"path":"/Users/mac/Documents/Test/Jenius/Ganda_Apptest/src/screen/detailContact/detailContact.component.styles.js","statementMap":{"0":{"start":{"line":6,"column":15},"end":{"line":33,"column":2}}},"fnMap":{},"branchMap":{},"s":{"0":2},"f":{},"b":{},"_coverageSchema":"1a1c01bbd47fc00a2c39e90264f33305004495a9","hash":"48d9b1e56131e4a1d5aa069a3e61db945d2e1874"}
,"/Users/mac/Documents/Test/Jenius/Ganda_Apptest/src/screen/listContact/listContact.component.js": {"path":"/Users/mac/Documents/Test/Jenius/Ganda_Apptest/src/screen/listContact/listContact.component.js","statementMap":{"0":{"start":{"line":16,"column":34},"end":{"line":28,"column":1}},"1":{"start":{"line":17,"column":2},"end":{"line":27,"column":3}},"2":{"start":{"line":18,"column":21},"end":{"line":18,"column":49}},"3":{"start":{"line":19,"column":17},"end":{"line":19,"column":49}},"4":{"start":{"line":20,"column":4},"end":{"line":20,"column":27}},"5":{"start":{"line":21,"column":4},"end":{"line":21,"column":27}},"6":{"start":{"line":22,"column":4},"end":{"line":22,"column":49}},"7":{"start":{"line":24,"column":4},"end":{"line":24,"column":25}},"8":{"start":{"line":25,"column":4},"end":{"line":25,"column":27}},"9":{"start":{"line":26,"column":4},"end":{"line":26,"column":49}},"10":{"start":{"line":30,"column":39},"end":{"line":32,"column":1}},"11":{"start":{"line":30,"column":48},"end":{"line":32,"column":1}},"12":{"start":{"line":31,"column":2},"end":{"line":31,"column":49}},"13":{"start":{"line":34,"column":32},"end":{"line":38,"column":1}},"14":{"start":{"line":34,"column":41},"end":{"line":38,"column":1}},"15":{"start":{"line":35,"column":2},"end":{"line":35,"column":24}},"16":{"start":{"line":36,"column":2},"end":{"line":36,"column":23}},"17":{"start":{"line":37,"column":2},"end":{"line":37,"column":27}},"18":{"start":{"line":41,"column":2},"end":{"line":43,"column":41}},"19":{"start":{"line":42,"column":2},"end":{"line":43,"column":41}},"20":{"start":{"line":43,"column":4},"end":{"line":43,"column":41}},"21":{"start":{"line":45,"column":27},"end":{"line":53,"column":1}},"22":{"start":{"line":46,"column":2},"end":{"line":52,"column":4}},"23":{"start":{"line":55,"column":21},"end":{"line":65,"column":1}},"24":{"start":{"line":56,"column":2},"end":{"line":64,"column":4}},"25":{"start":{"line":67,"column":23},"end":{"line":99,"column":1}},"26":{"start":{"line":68,"column":34},"end":{"line":68,"column":52}},"27":{"start":{"line":69,"column":32},"end":{"line":69,"column":52}},"28":{"start":{"line":70,"column":21},"end":{"line":70,"column":36}},"29":{"start":{"line":71,"column":19},"end":{"line":71,"column":32}},"30":{"start":{"line":72,"column":30},"end":{"line":74,"column":3}},"31":{"start":{"line":73,"column":4},"end":{"line":73,"column":56}},"32":{"start":{"line":76,"column":16},"end":{"line":84,"column":3}},"33":{"start":{"line":86,"column":2},"end":{"line":89,"column":8}},"34":{"start":{"line":87,"column":4},"end":{"line":87,"column":29}},"35":{"start":{"line":91,"column":2},"end":{"line":96,"column":27}},"36":{"start":{"line":92,"column":4},"end":{"line":94,"column":5}},"37":{"start":{"line":93,"column":6},"end":{"line":93,"column":31}},"38":{"start":{"line":98,"column":2},"end":{"line":98,"column":14}},"39":{"start":{"line":101,"column":20},"end":{"line":114,"column":1}},"40":{"start":{"line":102,"column":16},"end":{"line":102,"column":32}},"41":{"start":{"line":104,"column":2},"end":{"line":113,"column":3}}},"fnMap":{"0":{"name":"(anonymous_0)","decl":{"start":{"line":16,"column":34},"end":{"line":16,"column":35}},"loc":{"start":{"line":16,"column":49},"end":{"line":28,"column":1}},"line":16},"1":{"name":"(anonymous_1)","decl":{"start":{"line":30,"column":39},"end":{"line":30,"column":40}},"loc":{"start":{"line":30,"column":48},"end":{"line":32,"column":1}},"line":30},"2":{"name":"(anonymous_2)","decl":{"start":{"line":30,"column":48},"end":{"line":30,"column":49}},"loc":{"start":{"line":30,"column":54},"end":{"line":32,"column":1}},"line":30},"3":{"name":"(anonymous_3)","decl":{"start":{"line":34,"column":32},"end":{"line":34,"column":33}},"loc":{"start":{"line":34,"column":41},"end":{"line":38,"column":1}},"line":34},"4":{"name":"(anonymous_4)","decl":{"start":{"line":34,"column":41},"end":{"line":34,"column":42}},"loc":{"start":{"line":34,"column":47},"end":{"line":38,"column":1}},"line":34},"5":{"name":"(anonymous_5)","decl":{"start":{"line":41,"column":2},"end":{"line":41,"column":3}},"loc":{"start":{"line":42,"column":2},"end":{"line":43,"column":41}},"line":42},"6":{"name":"(anonymous_6)","decl":{"start":{"line":42,"column":2},"end":{"line":42,"column":3}},"loc":{"start":{"line":43,"column":4},"end":{"line":43,"column":41}},"line":43},"7":{"name":"(anonymous_7)","decl":{"start":{"line":45,"column":27},"end":{"line":45,"column":28}},"loc":{"start":{"line":46,"column":2},"end":{"line":52,"column":4}},"line":46},"8":{"name":"(anonymous_8)","decl":{"start":{"line":55,"column":21},"end":{"line":55,"column":22}},"loc":{"start":{"line":56,"column":2},"end":{"line":64,"column":4}},"line":56},"9":{"name":"(anonymous_9)","decl":{"start":{"line":67,"column":23},"end":{"line":67,"column":24}},"loc":{"start":{"line":67,"column":29},"end":{"line":99,"column":1}},"line":67},"10":{"name":"(anonymous_10)","decl":{"start":{"line":72,"column":42},"end":{"line":72,"column":43}},"loc":{"start":{"line":73,"column":4},"end":{"line":73,"column":56}},"line":73},"11":{"name":"(anonymous_11)","decl":{"start":{"line":86,"column":18},"end":{"line":86,"column":19}},"loc":{"start":{"line":86,"column":24},"end":{"line":89,"column":3}},"line":86},"12":{"name":"(anonymous_12)","decl":{"start":{"line":91,"column":18},"end":{"line":91,"column":19}},"loc":{"start":{"line":91,"column":24},"end":{"line":96,"column":3}},"line":91},"13":{"name":"(anonymous_13)","decl":{"start":{"line":101,"column":20},"end":{"line":101,"column":21}},"loc":{"start":{"line":101,"column":26},"end":{"line":114,"column":1}},"line":101}},"branchMap":{"0":{"loc":{"start":{"line":48,"column":16},"end":{"line":48,"column":58}},"type":"binary-expr","locations":[{"start":{"line":48,"column":16},"end":{"line":48,"column":29}},{"start":{"line":48,"column":33},"end":{"line":48,"column":58}}],"line":48},"1":{"loc":{"start":{"line":92,"column":4},"end":{"line":94,"column":5}},"type":"if","locations":[{"start":{"line":92,"column":4},"end":{"line":94,"column":5}},{"start":{},"end":{}}],"line":92},"2":{"loc":{"start":{"line":107,"column":7},"end":{"line":111,"column":7}},"type":"cond-expr","locations":[{"start":{"line":108,"column":8},"end":{"line":108,"column":19}},{"start":{"line":110,"column":8},"end":{"line":110,"column":33}}],"line":107},"3":{"loc":{"start":{"line":107,"column":7},"end":{"line":107,"column":49}},"type":"binary-expr","locations":[{"start":{"line":107,"column":7},"end":{"line":107,"column":20}},{"start":{"line":107,"column":24},"end":{"line":107,"column":49}}],"line":107}},"s":{"0":2,"1":5,"2":5,"3":1,"4":1,"5":1,"6":1,"7":1,"8":1,"9":1,"10":2,"11":4,"12":1,"13":2,"14":3,"15":1,"16":1,"17":1,"18":2,"19":3,"20":1,"21":2,"22":2,"23":2,"24":3,"25":2,"26":3,"27":3,"28":3,"29":3,"30":3,"31":3,"32":3,"33":3,"34":2,"35":3,"36":2,"37":0,"38":3,"39":2,"40":3,"41":3},"f":{"0":5,"1":4,"2":1,"3":3,"4":1,"5":3,"6":1,"7":2,"8":3,"9":3,"10":3,"11":2,"12":2,"13":3},"b":{"0":[2,2],"1":[0,2],"2":[1,2],"3":[3,2]},"_coverageSchema":"1a1c01bbd47fc00a2c39e90264f33305004495a9","hash":"fe6353b3d7d01afc71cfb6f485de37cc240ea5ab"}
,"/Users/mac/Documents/Test/Jenius/Ganda_Apptest/src/screen/listContact/listContact.component.styles.js": {"path":"/Users/mac/Documents/Test/Jenius/Ganda_Apptest/src/screen/listContact/listContact.component.styles.js","statementMap":{"0":{"start":{"line":5,"column":15},"end":{"line":10,"column":2}}},"fnMap":{},"branchMap":{},"s":{"0":2},"f":{},"b":{},"_coverageSchema":"1a1c01bbd47fc00a2c39e90264f33305004495a9","hash":"cbf3ae72a08da0b45ef56248e55fb0e5565f47d4"}
,"/Users/mac/Documents/Test/Jenius/Ganda_Apptest/src/screen/listContact/contact/contact.component.js": {"path":"/Users/mac/Documents/Test/Jenius/Ganda_Apptest/src/screen/listContact/contact/contact.component.js","statementMap":{"0":{"start":{"line":11,"column":19},"end":{"line":18,"column":1}},"1":{"start":{"line":12,"column":2},"end":{"line":17,"column":4}},"2":{"start":{"line":20,"column":25},"end":{"line":29,"column":1}},"3":{"start":{"line":21,"column":2},"end":{"line":28,"column":9}},"4":{"start":{"line":31,"column":20},"end":{"line":37,"column":1}},"5":{"start":{"line":32,"column":2},"end":{"line":36,"column":4}},"6":{"start":{"line":39,"column":22},"end":{"line":44,"column":1}},"7":{"start":{"line":40,"column":2},"end":{"line":43,"column":9}},"8":{"start":{"line":46,"column":39},"end":{"line":50,"column":1}},"9":{"start":{"line":46,"column":56},"end":{"line":50,"column":1}},"10":{"start":{"line":47,"column":2},"end":{"line":49,"column":4}},"11":{"start":{"line":52,"column":19},"end":{"line":60,"column":1}},"12":{"start":{"line":53,"column":21},"end":{"line":53,"column":36}},"13":{"start":{"line":55,"column":16},"end":{"line":57,"column":3}},"14":{"start":{"line":59,"column":2},"end":{"line":59,"column":14}},"15":{"start":{"line":62,"column":16},"end":{"line":76,"column":1}},"16":{"start":{"line":63,"column":16},"end":{"line":63,"column":28}},"17":{"start":{"line":65,"column":2},"end":{"line":75,"column":3}}},"fnMap":{"0":{"name":"(anonymous_0)","decl":{"start":{"line":11,"column":19},"end":{"line":11,"column":20}},"loc":{"start":{"line":12,"column":2},"end":{"line":17,"column":4}},"line":12},"1":{"name":"(anonymous_1)","decl":{"start":{"line":20,"column":25},"end":{"line":20,"column":26}},"loc":{"start":{"line":21,"column":2},"end":{"line":28,"column":9}},"line":21},"2":{"name":"(anonymous_2)","decl":{"start":{"line":31,"column":20},"end":{"line":31,"column":21}},"loc":{"start":{"line":32,"column":2},"end":{"line":36,"column":4}},"line":32},"3":{"name":"(anonymous_3)","decl":{"start":{"line":39,"column":22},"end":{"line":39,"column":23}},"loc":{"start":{"line":40,"column":2},"end":{"line":43,"column":9}},"line":40},"4":{"name":"(anonymous_4)","decl":{"start":{"line":46,"column":39},"end":{"line":46,"column":40}},"loc":{"start":{"line":46,"column":56},"end":{"line":50,"column":1}},"line":46},"5":{"name":"(anonymous_5)","decl":{"start":{"line":46,"column":56},"end":{"line":46,"column":57}},"loc":{"start":{"line":46,"column":62},"end":{"line":50,"column":1}},"line":46},"6":{"name":"(anonymous_6)","decl":{"start":{"line":52,"column":19},"end":{"line":52,"column":20}},"loc":{"start":{"line":52,"column":25},"end":{"line":60,"column":1}},"line":52},"7":{"name":"(anonymous_7)","decl":{"start":{"line":62,"column":16},"end":{"line":62,"column":17}},"loc":{"start":{"line":62,"column":30},"end":{"line":76,"column":1}},"line":62}},"branchMap":{"0":{"loc":{"start":{"line":34,"column":19},"end":{"line":34,"column":77}},"type":"cond-expr","locations":[{"start":{"line":34,"column":47},"end":{"line":34,"column":64}},{"start":{"line":34,"column":67},"end":{"line":34,"column":77}}],"line":34}},"s":{"0":2,"1":1,"2":2,"3":1,"4":2,"5":1,"6":2,"7":1,"8":2,"9":2,"10":1,"11":2,"12":1,"13":1,"14":1,"15":2,"16":1,"17":1},"f":{"0":1,"1":1,"2":1,"3":1,"4":2,"5":1,"6":1,"7":1},"b":{"0":[0,1]},"_coverageSchema":"1a1c01bbd47fc00a2c39e90264f33305004495a9","hash":"44ac0b26c026e0791488787206f2d5fd083a02a6"}
,"/Users/mac/Documents/Test/Jenius/Ganda_Apptest/src/screen/listContact/contact/contact.component.styles.js": {"path":"/Users/mac/Documents/Test/Jenius/Ganda_Apptest/src/screen/listContact/contact/contact.component.styles.js","statementMap":{"0":{"start":{"line":6,"column":15},"end":{"line":49,"column":2}}},"fnMap":{},"branchMap":{"0":{"loc":{"start":{"line":16,"column":19},"end":{"line":16,"column":56}},"type":"cond-expr","locations":[{"start":{"line":16,"column":47},"end":{"line":16,"column":50}},{"start":{"line":16,"column":53},"end":{"line":16,"column":56}}],"line":16}},"s":{"0":2},"f":{},"b":{"0":[0,2]},"_coverageSchema":"1a1c01bbd47fc00a2c39e90264f33305004495a9","hash":"23a35b3bf0cf223f6f87c95cc69fc1106c2a6612"}
,"/Users/mac/Documents/Test/Jenius/Ganda_Apptest/src/screen/splash/splash.component.js": {"path":"/Users/mac/Documents/Test/Jenius/Ganda_Apptest/src/screen/splash/splash.component.js","statementMap":{"0":{"start":{"line":10,"column":17},"end":{"line":10,"column":23}},"1":{"start":{"line":12,"column":37},"end":{"line":16,"column":1}},"2":{"start":{"line":13,"column":2},"end":{"line":15,"column":10}},"3":{"start":{"line":14,"column":4},"end":{"line":14,"column":49}},"4":{"start":{"line":18,"column":18},"end":{"line":29,"column":1}},"5":{"start":{"line":19,"column":21},"end":{"line":19,"column":36}},"6":{"start":{"line":21,"column":16},"end":{"line":23,"column":3}},"7":{"start":{"line":25,"column":2},"end":{"line":28,"column":8}},"8":{"start":{"line":26,"column":4},"end":{"line":26,"column":32}},"9":{"start":{"line":31,"column":15},"end":{"line":51,"column":1}},"10":{"start":{"line":32,"column":2},"end":{"line":32,"column":13}},"11":{"start":{"line":34,"column":2},"end":{"line":50,"column":3}}},"fnMap":{"0":{"name":"(anonymous_0)","decl":{"start":{"line":12,"column":37},"end":{"line":12,"column":38}},"loc":{"start":{"line":12,"column":46},"end":{"line":16,"column":1}},"line":12},"1":{"name":"(anonymous_1)","decl":{"start":{"line":13,"column":13},"end":{"line":13,"column":14}},"loc":{"start":{"line":13,"column":19},"end":{"line":15,"column":3}},"line":13},"2":{"name":"(anonymous_2)","decl":{"start":{"line":18,"column":18},"end":{"line":18,"column":19}},"loc":{"start":{"line":18,"column":24},"end":{"line":29,"column":1}},"line":18},"3":{"name":"(anonymous_3)","decl":{"start":{"line":25,"column":18},"end":{"line":25,"column":19}},"loc":{"start":{"line":25,"column":24},"end":{"line":28,"column":3}},"line":25},"4":{"name":"(anonymous_4)","decl":{"start":{"line":31,"column":15},"end":{"line":31,"column":16}},"loc":{"start":{"line":31,"column":21},"end":{"line":51,"column":1}},"line":31}},"branchMap":{},"s":{"0":2,"1":2,"2":2,"3":1,"4":2,"5":1,"6":1,"7":1,"8":1,"9":2,"10":1,"11":1},"f":{"0":2,"1":1,"2":1,"3":1,"4":1},"b":{},"_coverageSchema":"1a1c01bbd47fc00a2c39e90264f33305004495a9","hash":"568c50a17f0fd6afca93770173d7543150af375d"}
,"/Users/mac/Documents/Test/Jenius/Ganda_Apptest/src/screen/splash/splash.component.styles.js": {"path":"/Users/mac/Documents/Test/Jenius/Ganda_Apptest/src/screen/splash/splash.component.styles.js","statementMap":{"0":{"start":{"line":6,"column":15},"end":{"line":26,"column":2}}},"fnMap":{},"branchMap":{},"s":{"0":2},"f":{},"b":{},"_coverageSchema":"1a1c01bbd47fc00a2c39e90264f33305004495a9","hash":"7eead946eb0c1f63a513f86e36e368a3c837c923"}
,"/Users/mac/Documents/Test/Jenius/Ganda_Apptest/src/service/index.js": {"path":"/Users/mac/Documents/Test/Jenius/Ganda_Apptest/src/service/index.js","statementMap":{"0":{"start":{"line":4,"column":16},"end":{"line":10,"column":2}}},"fnMap":{},"branchMap":{},"s":{"0":1},"f":{},"b":{},"_coverageSchema":"1a1c01bbd47fc00a2c39e90264f33305004495a9","hash":"0aeb49e10085a4e6107620ef03fad6a224841fd1"}
}
