{"/Users/mac/Documents/Test/Jenius/Ganda_Apptest/src/component/buttonFull/buttonFull.component.js": {"path":"/Users/mac/Documents/Test/Jenius/Ganda_Apptest/src/component/buttonFull/buttonFull.component.js","statementMap":{"0":{"start":{"line":6,"column":19},"end":{"line":19,"column":1}},"1":{"start":{"line":7,"column":2},"end":{"line":18,"column":21}}},"fnMap":{"0":{"name":"(anonymous_0)","decl":{"start":{"line":6,"column":19},"end":{"line":6,"column":20}},"loc":{"start":{"line":7,"column":2},"end":{"line":18,"column":21}},"line":7}},"branchMap":{},"s":{"0":1,"1":2},"f":{"0":2},"b":{},"_coverageSchema":"1a1c01bbd47fc00a2c39e90264f33305004495a9","hash":"c2585b58488d6de18599c95611050e847c90b9e9"}
,"/Users/mac/Documents/Test/Jenius/Ganda_Apptest/src/component/buttonFull/buttonFull.component.styles.js": {"path":"/Users/mac/Documents/Test/Jenius/Ganda_Apptest/src/component/buttonFull/buttonFull.component.styles.js","statementMap":{"0":{"start":{"line":6,"column":15},"end":{"line":22,"column":2}},"1":{"start":{"line":7,"column":25},"end":{"line":16,"column":3}},"2":{"start":{"line":17,"column":29},"end":{"line":21,"column":3}}},"fnMap":{"0":{"name":"(anonymous_0)","decl":{"start":{"line":7,"column":10},"end":{"line":7,"column":11}},"loc":{"start":{"line":7,"column":25},"end":{"line":16,"column":3}},"line":7},"1":{"name":"(anonymous_1)","decl":{"start":{"line":17,"column":14},"end":{"line":17,"column":15}},"loc":{"start":{"line":17,"column":29},"end":{"line":21,"column":3}},"line":17}},"branchMap":{"0":{"loc":{"start":{"line":12,"column":21},"end":{"line":12,"column":59}},"type":"cond-expr","locations":[{"start":{"line":12,"column":34},"end":{"line":12,"column":45}},{"start":{"line":12,"column":48},"end":{"line":12,"column":59}}],"line":12},"1":{"loc":{"start":{"line":18,"column":11},"end":{"line":18,"column":49}},"type":"cond-expr","locations":[{"start":{"line":18,"column":24},"end":{"line":18,"column":35}},{"start":{"line":18,"column":38},"end":{"line":18,"column":49}}],"line":18}},"s":{"0":1,"1":2,"2":2},"f":{"0":2,"1":2},"b":{"0":[1,1],"1":[1,1]},"_coverageSchema":"1a1c01bbd47fc00a2c39e90264f33305004495a9","hash":"332e13fe477e9e843b596fd2997d71796aad4025"}
,"/Users/mac/Documents/Test/Jenius/Ganda_Apptest/src/component/header/header.component.js": {"path":"/Users/mac/Documents/Test/Jenius/Ganda_Apptest/src/component/header/header.component.js","statementMap":{"0":{"start":{"line":14,"column":33},"end":{"line":16,"column":1}},"1":{"start":{"line":14,"column":47},"end":{"line":16,"column":1}},"2":{"start":{"line":15,"column":2},"end":{"line":15,"column":21}},"3":{"start":{"line":18,"column":25},"end":{"line":30,"column":1}},"4":{"start":{"line":19,"column":2},"end":{"line":29,"column":21}},"5":{"start":{"line":32,"column":24},"end":{"line":40,"column":1}},"6":{"start":{"line":33,"column":2},"end":{"line":39,"column":4}},"7":{"start":{"line":42,"column":19},"end":{"line":46,"column":1}},"8":{"start":{"line":43,"column":2},"end":{"line":45,"column":9}},"9":{"start":{"line":48,"column":19},"end":{"line":60,"column":1}},"10":{"start":{"line":49,"column":2},"end":{"line":59,"column":9}},"11":{"start":{"line":62,"column":15},"end":{"line":83,"column":1}},"12":{"start":{"line":63,"column":21},"end":{"line":63,"column":36}},"13":{"start":{"line":65,"column":2},"end":{"line":82,"column":3}}},"fnMap":{"0":{"name":"(anonymous_0)","decl":{"start":{"line":14,"column":33},"end":{"line":14,"column":34}},"loc":{"start":{"line":14,"column":47},"end":{"line":16,"column":1}},"line":14},"1":{"name":"(anonymous_1)","decl":{"start":{"line":14,"column":47},"end":{"line":14,"column":48}},"loc":{"start":{"line":14,"column":53},"end":{"line":16,"column":1}},"line":14},"2":{"name":"(anonymous_2)","decl":{"start":{"line":18,"column":25},"end":{"line":18,"column":26}},"loc":{"start":{"line":19,"column":2},"end":{"line":29,"column":21}},"line":19},"3":{"name":"(anonymous_3)","decl":{"start":{"line":32,"column":24},"end":{"line":32,"column":25}},"loc":{"start":{"line":33,"column":2},"end":{"line":39,"column":4}},"line":33},"4":{"name":"(anonymous_4)","decl":{"start":{"line":42,"column":19},"end":{"line":42,"column":20}},"loc":{"start":{"line":43,"column":2},"end":{"line":45,"column":9}},"line":43},"5":{"name":"(anonymous_5)","decl":{"start":{"line":48,"column":19},"end":{"line":48,"column":20}},"loc":{"start":{"line":49,"column":2},"end":{"line":59,"column":9}},"line":49},"6":{"name":"(anonymous_6)","decl":{"start":{"line":62,"column":15},"end":{"line":62,"column":16}},"loc":{"start":{"line":62,"column":24},"end":{"line":83,"column":1}},"line":62}},"branchMap":{"0":{"loc":{"start":{"line":44,"column":5},"end":{"line":44,"column":57}},"type":"binary-expr","locations":[{"start":{"line":44,"column":5},"end":{"line":44,"column":25}},{"start":{"line":44,"column":29},"end":{"line":44,"column":57}}],"line":44}},"s":{"0":1,"1":2,"2":1,"3":1,"4":1,"5":1,"6":2,"7":1,"8":2,"9":1,"10":2,"11":1,"12":2,"13":2},"f":{"0":2,"1":1,"2":1,"3":2,"4":2,"5":2,"6":2},"b":{"0":[2,1]},"_coverageSchema":"1a1c01bbd47fc00a2c39e90264f33305004495a9","hash":"4c61135b85651afb3a7c5fbf6bbf2be18d0f0f3e"}
,"/Users/mac/Documents/Test/Jenius/Ganda_Apptest/src/component/header/header.component.styles.js": {"path":"/Users/mac/Documents/Test/Jenius/Ganda_Apptest/src/component/header/header.component.styles.js","statementMap":{"0":{"start":{"line":6,"column":15},"end":{"line":50,"column":2}}},"fnMap":{},"branchMap":{"0":{"loc":{"start":{"line":18,"column":15},"end":{"line":18,"column":70}},"type":"cond-expr","locations":[{"start":{"line":18,"column":43},"end":{"line":18,"column":66}},{"start":{"line":18,"column":69},"end":{"line":18,"column":70}}],"line":18},"1":{"loc":{"start":{"line":21,"column":14},"end":{"line":21,"column":74}},"type":"cond-expr","locations":[{"start":{"line":21,"column":42},"end":{"line":21,"column":57}},{"start":{"line":21,"column":60},"end":{"line":21,"column":74}}],"line":21}},"s":{"0":1},"f":{},"b":{"0":[0,1],"1":[0,1]},"_coverageSchema":"1a1c01bbd47fc00a2c39e90264f33305004495a9","hash":"00d6c5a134e4b76e5e5e5cc8743408488d80cb59"}
,"/Users/mac/Documents/Test/Jenius/Ganda_Apptest/src/component/loading/loading.component.js": {"path":"/Users/mac/Documents/Test/Jenius/Ganda_Apptest/src/component/loading/loading.component.js","statementMap":{"0":{"start":{"line":6,"column":16},"end":{"line":14,"column":1}},"1":{"start":{"line":7,"column":2},"end":{"line":13,"column":9}}},"fnMap":{"0":{"name":"(anonymous_0)","decl":{"start":{"line":6,"column":16},"end":{"line":6,"column":17}},"loc":{"start":{"line":7,"column":2},"end":{"line":13,"column":9}},"line":7}},"branchMap":{},"s":{"0":1,"1":1},"f":{"0":1},"b":{},"_coverageSchema":"1a1c01bbd47fc00a2c39e90264f33305004495a9","hash":"518d397ecd879a1715532c14a790d237b843966c"}
,"/Users/mac/Documents/Test/Jenius/Ganda_Apptest/src/component/loading/loading.component.styles.js": {"path":"/Users/mac/Documents/Test/Jenius/Ganda_Apptest/src/component/loading/loading.component.styles.js","statementMap":{"0":{"start":{"line":5,"column":15},"end":{"line":12,"column":2}}},"fnMap":{},"branchMap":{},"s":{"0":1},"f":{},"b":{},"_coverageSchema":"1a1c01bbd47fc00a2c39e90264f33305004495a9","hash":"2e574e4ff34148b44ea17683f772f4d01bc536cb"}
,"/Users/mac/Documents/Test/Jenius/Ganda_Apptest/src/constant/color.js": {"path":"/Users/mac/Documents/Test/Jenius/Ganda_Apptest/src/constant/color.js","statementMap":{"0":{"start":{"line":1,"column":14},"end":{"line":7,"column":1}}},"fnMap":{},"branchMap":{},"s":{"0":3},"f":{},"b":{},"_coverageSchema":"1a1c01bbd47fc00a2c39e90264f33305004495a9","hash":"74c0a93c8c1a7610007bce961026ad4b0e69a561"}
,"/Users/mac/Documents/Test/Jenius/Ganda_Apptest/src/constant/font.js": {"path":"/Users/mac/Documents/Test/Jenius/Ganda_Apptest/src/constant/font.js","statementMap":{"0":{"start":{"line":1,"column":17},"end":{"line":6,"column":1}},"1":{"start":{"line":8,"column":17},"end":{"line":12,"column":1}},"2":{"start":{"line":14,"column":19},"end":{"line":19,"column":1}}},"fnMap":{},"branchMap":{},"s":{"0":2,"1":2,"2":2},"f":{},"b":{},"_coverageSchema":"1a1c01bbd47fc00a2c39e90264f33305004495a9","hash":"7fc2cebc9f22ca92af4fa313b326604ee1d86e0f"}
}
