TN:
SF:src/component/buttonFull/buttonFull.component.js
FN:6,(anonymous_0)
FNF:1
FNH:1
FNDA:2,(anonymous_0)
DA:6,1
DA:7,2
LF:2
LH:2
BRF:0
BRH:0
end_of_record
TN:
SF:src/component/buttonFull/buttonFull.component.styles.js
FN:7,(anonymous_0)
FN:17,(anonymous_1)
FNF:2
FNH:2
FNDA:2,(anonymous_0)
FNDA:2,(anonymous_1)
DA:6,1
DA:7,2
DA:17,2
LF:3
LH:3
BRDA:12,0,0,1
BRDA:12,0,1,1
BRDA:18,1,0,1
BRDA:18,1,1,1
BRF:4
BRH:4
end_of_record
TN:
SF:src/component/header/header.component.js
FN:14,(anonymous_0)
FN:14,(anonymous_1)
FN:18,(anonymous_2)
FN:32,(anonymous_3)
FN:42,(anonymous_4)
FN:48,(anonymous_5)
FN:62,(anonymous_6)
FNF:7
FNH:7
FNDA:2,(anonymous_0)
FNDA:1,(anonymous_1)
FNDA:1,(anonymous_2)
FNDA:2,(anonymous_3)
FNDA:2,(anonymous_4)
FNDA:2,(anonymous_5)
FNDA:2,(anonymous_6)
DA:14,2
DA:15,1
DA:18,2
DA:19,1
DA:32,2
DA:33,2
DA:42,2
DA:43,2
DA:48,2
DA:49,2
DA:62,2
DA:63,2
DA:65,2
LF:13
LH:13
BRDA:44,0,0,2
BRDA:44,0,1,1
BRF:2
BRH:2
end_of_record
TN:
SF:src/component/header/header.component.styles.js
FNF:0
FNH:0
DA:6,2
LF:1
LH:1
BRDA:18,0,0,0
BRDA:18,0,1,2
BRDA:21,1,0,0
BRDA:21,1,1,2
BRF:4
BRH:2
end_of_record
TN:
SF:src/component/loading/loading.component.js
FN:6,(anonymous_0)
FNF:1
FNH:1
FNDA:1,(anonymous_0)
DA:6,1
DA:7,1
LF:2
LH:2
BRF:0
BRH:0
end_of_record
TN:
SF:src/component/loading/loading.component.styles.js
FNF:0
FNH:0
DA:5,1
LF:1
LH:1
BRF:0
BRH:0
end_of_record
TN:
SF:src/constant/color.js
FNF:0
FNH:0
DA:1,6
LF:1
LH:1
BRF:0
BRH:0
end_of_record
TN:
SF:src/constant/font.js
FNF:0
FNH:0
DA:1,5
DA:8,5
DA:14,5
LF:3
LH:3
BRF:0
BRH:0
end_of_record
TN:
SF:src/navigation/routes.js
FNF:0
FNH:0
DA:1,2
LF:1
LH:1
BRF:0
BRH:0
end_of_record
TN:
SF:src/screen/splash/splash.component.js
FN:12,(anonymous_0)
FN:13,(anonymous_1)
FN:18,(anonymous_2)
FN:25,(anonymous_3)
FN:31,(anonymous_4)
FNF:5
FNH:5
FNDA:2,(anonymous_0)
FNDA:1,(anonymous_1)
FNDA:1,(anonymous_2)
FNDA:1,(anonymous_3)
FNDA:1,(anonymous_4)
DA:10,2
DA:12,2
DA:13,2
DA:14,1
DA:18,2
DA:19,1
DA:21,1
DA:25,1
DA:26,1
DA:31,2
DA:32,1
DA:34,1
LF:12
LH:12
BRF:0
BRH:0
end_of_record
TN:
SF:src/screen/splash/splash.component.styles.js
FNF:0
FNH:0
DA:6,2
LF:1
LH:1
BRF:0
BRH:0
end_of_record
