TN:
SF:src/component/buttonFull/buttonFull.component.js
FN:6,(anonymous_0)
FNF:1
FNH:1
FNDA:2,(anonymous_0)
DA:6,1
DA:7,2
LF:2
LH:2
BRF:0
BRH:0
end_of_record
TN:
SF:src/component/buttonFull/buttonFull.component.styles.js
FN:7,(anonymous_0)
FN:17,(anonymous_1)
FNF:2
FNH:2
FNDA:2,(anonymous_0)
FNDA:2,(anonymous_1)
DA:6,1
DA:7,2
DA:17,2
LF:3
LH:3
BRDA:12,0,0,1
BRDA:12,0,1,1
BRDA:18,1,0,1
BRDA:18,1,1,1
BRF:4
BRH:4
end_of_record
TN:
SF:src/component/header/header.component.js
FN:15,(anonymous_0)
FN:15,(anonymous_1)
FN:19,(anonymous_2)
FN:33,(anonymous_3)
FN:43,(anonymous_4)
FN:49,(anonymous_5)
FN:63,(anonymous_6)
FN:65,(anonymous_7)
FN:82,(anonymous_8)
FN:92,(anonymous_9)
FNF:10
FNH:10
FNDA:3,(anonymous_0)
FNDA:1,(anonymous_1)
FNDA:2,(anonymous_2)
FNDA:3,(anonymous_3)
FNDA:3,(anonymous_4)
FNDA:3,(anonymous_5)
FNDA:1,(anonymous_6)
FNDA:1,(anonymous_7)
FNDA:3,(anonymous_8)
FNDA:3,(anonymous_9)
DA:15,3
DA:16,1
DA:19,2
DA:20,2
DA:33,2
DA:34,3
DA:43,2
DA:44,3
DA:49,2
DA:50,3
DA:63,2
DA:64,1
DA:66,1
DA:82,2
DA:83,3
DA:85,3
DA:92,2
DA:93,3
DA:95,3
LF:19
LH:19
BRDA:45,0,0,3
BRDA:45,0,1,2
BRDA:87,1,0,3
BRDA:87,1,1,1
BRF:4
BRH:4
end_of_record
TN:
SF:src/component/header/header.component.styles.js
FNF:0
FNH:0
DA:6,2
LF:1
LH:1
BRDA:18,0,0,0
BRDA:18,0,1,2
BRDA:21,1,0,0
BRDA:21,1,1,2
BRF:4
BRH:2
end_of_record
TN:
SF:src/component/loader/loader.component.js
FN:8,(anonymous_0)
FNF:1
FNH:1
FNDA:2,(anonymous_0)
DA:8,1
DA:9,2
LF:2
LH:2
BRF:0
BRH:0
end_of_record
TN:
SF:src/component/loader/loader.component.styles.js
FNF:0
FNH:0
LF:0
LH:0
BRF:0
BRH:0
end_of_record
TN:
SF:src/component/loading/index.js
FNF:0
FNH:0
LF:0
LH:0
BRF:0
BRH:0
end_of_record
TN:
SF:src/component/loading/loading.component.js
FN:6,(anonymous_0)
FNF:1
FNH:1
FNDA:2,(anonymous_0)
DA:6,3
DA:7,2
LF:2
LH:2
BRF:0
BRH:0
end_of_record
TN:
SF:src/component/loading/loading.component.styles.js
FNF:0
FNH:0
DA:5,3
LF:1
LH:1
BRF:0
BRH:0
end_of_record
TN:
SF:src/constant/color.js
FNF:0
FNH:0
DA:1,13
LF:1
LH:1
BRF:0
BRH:0
end_of_record
TN:
SF:src/constant/font.js
FNF:0
FNH:0
DA:1,9
DA:8,9
DA:14,9
LF:3
LH:3
BRF:0
BRH:0
end_of_record
TN:
SF:src/constant/image.js
FNF:0
FNH:0
DA:1,4
DA:3,4
LF:2
LH:2
BRF:0
BRH:0
end_of_record
TN:
SF:src/fixture/index.js
FNF:0
FNH:0
LF:0
LH:0
BRF:0
BRH:0
end_of_record
TN:
SF:src/fixture/mockContact.js
FNF:0
FNH:0
DA:1,5
LF:1
LH:1
BRF:0
BRH:0
end_of_record
TN:
SF:src/fixture/mockContacts.js
FNF:0
FNH:0
DA:1,5
LF:1
LH:1
BRF:0
BRH:0
end_of_record
TN:
SF:src/navigation/routes.js
FNF:0
FNH:0
DA:1,8
LF:1
LH:1
BRF:0
BRH:0
end_of_record
TN:
SF:src/screen/detailContact/detailContact.component.js
FN:17,(anonymous_0)
FN:29,(anonymous_1)
FN:29,(anonymous_2)
FN:33,(anonymous_3)
FN:33,(anonymous_4)
FN:44,(anonymous_5)
FN:44,(anonymous_6)
FN:55,(anonymous_7)
FN:61,(anonymous_8)
FN:72,(anonymous_9)
FN:83,(anonymous_10)
FN:94,(anonymous_11)
FN:102,(anonymous_12)
FN:119,(anonymous_13)
FN:119,(anonymous_14)
FN:123,(anonymous_15)
FN:127,(anonymous_16)
FN:147,(anonymous_17)
FN:155,(anonymous_18)
FNF:19
FNH:19
FNDA:4,(anonymous_0)
FNDA:4,(anonymous_1)
FNDA:1,(anonymous_2)
FNDA:3,(anonymous_3)
FNDA:1,(anonymous_4)
FNDA:5,(anonymous_5)
FNDA:2,(anonymous_6)
FNDA:1,(anonymous_7)
FNDA:2,(anonymous_8)
FNDA:2,(anonymous_9)
FNDA:2,(anonymous_10)
FNDA:2,(anonymous_11)
FNDA:3,(anonymous_12)
FNDA:4,(anonymous_13)
FNDA:1,(anonymous_14)
FNDA:3,(anonymous_15)
FNDA:3,(anonymous_16)
FNDA:2,(anonymous_17)
FNDA:3,(anonymous_18)
DA:17,2
DA:18,4
DA:19,4
DA:20,1
DA:21,1
DA:22,1
DA:24,1
DA:25,1
DA:29,4
DA:30,1
DA:33,3
DA:34,1
DA:35,1
DA:36,1
DA:38,1
DA:39,1
DA:40,1
DA:44,5
DA:45,2
DA:61,2
DA:62,2
DA:72,2
DA:73,2
DA:83,2
DA:84,2
DA:94,2
DA:95,2
DA:102,2
DA:103,3
DA:119,4
DA:120,1
DA:123,2
DA:124,3
DA:127,2
DA:128,3
DA:129,3
DA:130,3
DA:131,3
DA:132,3
DA:133,3
DA:135,3
DA:147,3
DA:148,2
DA:152,3
DA:155,2
DA:156,3
DA:158,3
LF:47
LH:47
BRDA:65,0,0,0
BRDA:65,0,1,2
BRDA:161,1,0,1
BRDA:161,1,1,2
BRF:4
BRH:3
end_of_record
TN:
SF:src/screen/detailContact/detailContact.component.styles.js
FNF:0
FNH:0
DA:6,2
LF:1
LH:1
BRF:0
BRH:0
end_of_record
TN:
SF:src/screen/listContact/listContact.component.js
FN:16,(anonymous_0)
FN:30,(anonymous_1)
FN:30,(anonymous_2)
FN:34,(anonymous_3)
FN:34,(anonymous_4)
FN:41,(anonymous_5)
FN:42,(anonymous_6)
FN:45,(anonymous_7)
FN:55,(anonymous_8)
FN:67,(anonymous_9)
FN:72,(anonymous_10)
FN:86,(anonymous_11)
FN:91,(anonymous_12)
FN:101,(anonymous_13)
FNF:14
FNH:14
FNDA:5,(anonymous_0)
FNDA:4,(anonymous_1)
FNDA:1,(anonymous_2)
FNDA:3,(anonymous_3)
FNDA:1,(anonymous_4)
FNDA:3,(anonymous_5)
FNDA:1,(anonymous_6)
FNDA:2,(anonymous_7)
FNDA:3,(anonymous_8)
FNDA:3,(anonymous_9)
FNDA:3,(anonymous_10)
FNDA:2,(anonymous_11)
FNDA:2,(anonymous_12)
FNDA:3,(anonymous_13)
DA:16,2
DA:17,5
DA:18,5
DA:19,1
DA:20,1
DA:21,1
DA:22,1
DA:24,1
DA:25,1
DA:26,1
DA:30,4
DA:31,1
DA:34,3
DA:35,1
DA:36,1
DA:37,1
DA:41,2
DA:42,3
DA:43,1
DA:45,2
DA:46,2
DA:55,2
DA:56,3
DA:67,2
DA:68,3
DA:69,3
DA:70,3
DA:71,3
DA:72,3
DA:73,3
DA:76,3
DA:86,3
DA:87,2
DA:91,3
DA:92,2
DA:93,0
DA:98,3
DA:101,2
DA:102,3
DA:104,3
LF:40
LH:39
BRDA:48,0,0,2
BRDA:48,0,1,2
BRDA:92,1,0,0
BRDA:92,1,1,2
BRDA:107,2,0,1
BRDA:107,2,1,2
BRDA:107,3,0,3
BRDA:107,3,1,2
BRF:8
BRH:7
end_of_record
TN:
SF:src/screen/listContact/listContact.component.styles.js
FNF:0
FNH:0
DA:5,2
LF:1
LH:1
BRF:0
BRH:0
end_of_record
TN:
SF:src/screen/listContact/contact/contact.component.js
FN:11,(anonymous_0)
FN:20,(anonymous_1)
FN:31,(anonymous_2)
FN:39,(anonymous_3)
FN:46,(anonymous_4)
FN:46,(anonymous_5)
FN:52,(anonymous_6)
FN:62,(anonymous_7)
FNF:8
FNH:8
FNDA:1,(anonymous_0)
FNDA:1,(anonymous_1)
FNDA:1,(anonymous_2)
FNDA:1,(anonymous_3)
FNDA:2,(anonymous_4)
FNDA:1,(anonymous_5)
FNDA:1,(anonymous_6)
FNDA:1,(anonymous_7)
DA:11,2
DA:12,1
DA:20,2
DA:21,1
DA:31,2
DA:32,1
DA:39,2
DA:40,1
DA:46,2
DA:47,1
DA:52,2
DA:53,1
DA:55,1
DA:59,1
DA:62,2
DA:63,1
DA:65,1
LF:17
LH:17
BRDA:34,0,0,0
BRDA:34,0,1,1
BRF:2
BRH:1
end_of_record
TN:
SF:src/screen/listContact/contact/contact.component.styles.js
FNF:0
FNH:0
DA:6,2
LF:1
LH:1
BRDA:16,0,0,0
BRDA:16,0,1,2
BRF:2
BRH:1
end_of_record
TN:
SF:src/screen/splash/splash.component.js
FN:12,(anonymous_0)
FN:13,(anonymous_1)
FN:18,(anonymous_2)
FN:25,(anonymous_3)
FN:31,(anonymous_4)
FNF:5
FNH:5
FNDA:2,(anonymous_0)
FNDA:1,(anonymous_1)
FNDA:1,(anonymous_2)
FNDA:1,(anonymous_3)
FNDA:1,(anonymous_4)
DA:10,2
DA:12,2
DA:13,2
DA:14,1
DA:18,2
DA:19,1
DA:21,1
DA:25,1
DA:26,1
DA:31,2
DA:32,1
DA:34,1
LF:12
LH:12
BRF:0
BRH:0
end_of_record
TN:
SF:src/screen/splash/splash.component.styles.js
FNF:0
FNH:0
DA:6,2
LF:1
LH:1
BRF:0
BRH:0
end_of_record
